[Sun Oct 22 01:18:41.302065 2023] [ssl:warn] [pid 11188:tid 400] AH01909: www.example.com:443:0 server certificate does NOT include an ID which matches the server name
[Sun Oct 22 01:18:41.425553 2023] [ssl:warn] [pid 11188:tid 400] AH01909: www.example.com:443:0 server certificate does NOT include an ID which matches the server name
[Sun Oct 22 01:18:41.474968 2023] [mpm_winnt:notice] [pid 11188:tid 400] AH00455: Apache/2.4.56 (Win64) OpenSSL/1.1.1t PHP/8.2.4 configured -- resuming normal operations
[Sun Oct 22 01:18:41.474968 2023] [mpm_winnt:notice] [pid 11188:tid 400] AH00456: Apache Lounge VS16 Server built: Mar  7 2023 13:21:03
[Sun Oct 22 01:18:41.474968 2023] [core:notice] [pid 11188:tid 400] AH00094: Command line: 'd:\\programs\\xampp\\apache\\bin\\httpd.exe -d D:/Programs/Xampp/apache'
[Sun Oct 22 01:18:41.478966 2023] [mpm_winnt:notice] [pid 11188:tid 400] AH00418: Parent: Created child process 11912
[Sun Oct 22 01:18:42.043623 2023] [ssl:warn] [pid 11912:tid 408] AH01909: www.example.com:443:0 server certificate does NOT include an ID which matches the server name
[Sun Oct 22 01:18:42.116582 2023] [ssl:warn] [pid 11912:tid 408] AH01909: www.example.com:443:0 server certificate does NOT include an ID which matches the server name
[Sun Oct 22 01:18:42.165554 2023] [mpm_winnt:notice] [pid 11912:tid 408] AH00354: Child: Starting 150 worker threads.
[Sun Oct 22 01:21:16.118361 2023] [ssl:warn] [pid 15652:tid 400] AH01909: www.example.com:443:0 server certificate does NOT include an ID which matches the server name
[Sun Oct 22 01:21:16.169512 2023] [core:warn] [pid 15652:tid 400] AH00098: pid file D:/Programs/Xampp/apache/logs/httpd.pid overwritten -- Unclean shutdown of previous Apache run?
[Sun Oct 22 01:21:16.171513 2023] [ssl:warn] [pid 15652:tid 400] AH01909: www.example.com:443:0 server certificate does NOT include an ID which matches the server name
[Sun Oct 22 01:21:16.212504 2023] [mpm_winnt:notice] [pid 15652:tid 400] AH00455: Apache/2.4.56 (Win64) OpenSSL/1.1.1t PHP/8.2.4 configured -- resuming normal operations
[Sun Oct 22 01:21:16.212504 2023] [mpm_winnt:notice] [pid 15652:tid 400] AH00456: Apache Lounge VS16 Server built: Mar  7 2023 13:21:03
[Sun Oct 22 01:21:16.212504 2023] [core:notice] [pid 15652:tid 400] AH00094: Command line: 'd:\\programs\\xampp\\apache\\bin\\httpd.exe -d D:/Programs/Xampp/apache'
[Sun Oct 22 01:21:16.216488 2023] [mpm_winnt:notice] [pid 15652:tid 400] AH00418: Parent: Created child process 15916
[Sun Oct 22 01:21:16.746368 2023] [ssl:warn] [pid 15916:tid 404] AH01909: www.example.com:443:0 server certificate does NOT include an ID which matches the server name
[Sun Oct 22 01:21:16.804636 2023] [ssl:warn] [pid 15916:tid 404] AH01909: www.example.com:443:0 server certificate does NOT include an ID which matches the server name
[Sun Oct 22 01:21:16.844554 2023] [mpm_winnt:notice] [pid 15916:tid 404] AH00354: Child: Starting 150 worker threads.
[Sun Oct 22 01:29:02.384345 2023] [ssl:warn] [pid 12296:tid 400] AH01909: www.example.com:443:0 server certificate does NOT include an ID which matches the server name
[Sun Oct 22 01:29:02.432485 2023] [core:warn] [pid 12296:tid 400] AH00098: pid file D:/Programs/Xampp/apache/logs/httpd.pid overwritten -- Unclean shutdown of previous Apache run?
[Sun Oct 22 01:29:02.434487 2023] [ssl:warn] [pid 12296:tid 400] AH01909: www.example.com:443:0 server certificate does NOT include an ID which matches the server name
PHP Warning:  PHP Startup: Unable to load dynamic library 'imagick' (tried: D:\\Programs\\Xampp\\php\\ext\\imagick (\xd0\x9d\xd0\xb5 \xd0\xbd\xd0\xb0\xd0\xb9\xd0\xb4\xd0\xb5\xd0\xbd \xd1\x83\xd0\xba\xd0\xb0\xd0\xb7\xd0\xb0\xd0\xbd\xd0\xbd\xd1\x8b\xd0\xb9 \xd0\xbc\xd0\xbe\xd0\xb4\xd1\x83\xd0\xbb\xd1\x8c), D:\\Programs\\Xampp\\php\\ext\\php_imagick.dll (\xd0\x9d\xd0\xb5 \xd0\xbd\xd0\xb0\xd0\xb9\xd0\xb4\xd0\xb5\xd0\xbd \xd1\x83\xd0\xba\xd0\xb0\xd0\xb7\xd0\xb0\xd0\xbd\xd0\xbd\xd1\x8b\xd0\xb9 \xd0\xbc\xd0\xbe\xd0\xb4\xd1\x83\xd0\xbb\xd1\x8c)) in Unknown on line 0
[Sun Oct 22 01:29:02.488456 2023] [mpm_winnt:notice] [pid 12296:tid 400] AH00455: Apache/2.4.56 (Win64) OpenSSL/1.1.1t PHP/8.2.4 configured -- resuming normal operations
[Sun Oct 22 01:29:02.488456 2023] [mpm_winnt:notice] [pid 12296:tid 400] AH00456: Apache Lounge VS16 Server built: Mar  7 2023 13:21:03
[Sun Oct 22 01:29:02.488456 2023] [core:notice] [pid 12296:tid 400] AH00094: Command line: 'd:\\programs\\xampp\\apache\\bin\\httpd.exe -d D:/Programs/Xampp/apache'
[Sun Oct 22 01:29:02.492454 2023] [mpm_winnt:notice] [pid 12296:tid 400] AH00418: Parent: Created child process 7180
[Sun Oct 22 01:29:02.895224 2023] [ssl:warn] [pid 7180:tid 404] AH01909: www.example.com:443:0 server certificate does NOT include an ID which matches the server name
[Sun Oct 22 01:29:02.947285 2023] [ssl:warn] [pid 7180:tid 404] AH01909: www.example.com:443:0 server certificate does NOT include an ID which matches the server name
PHP Warning:  PHP Startup: Unable to load dynamic library 'imagick' (tried: D:\\Programs\\Xampp\\php\\ext\\imagick (\xd0\x9d\xd0\xb5 \xd0\xbd\xd0\xb0\xd0\xb9\xd0\xb4\xd0\xb5\xd0\xbd \xd1\x83\xd0\xba\xd0\xb0\xd0\xb7\xd0\xb0\xd0\xbd\xd0\xbd\xd1\x8b\xd0\xb9 \xd0\xbc\xd0\xbe\xd0\xb4\xd1\x83\xd0\xbb\xd1\x8c), D:\\Programs\\Xampp\\php\\ext\\php_imagick.dll (\xd0\x9d\xd0\xb5 \xd0\xbd\xd0\xb0\xd0\xb9\xd0\xb4\xd0\xb5\xd0\xbd \xd1\x83\xd0\xba\xd0\xb0\xd0\xb7\xd0\xb0\xd0\xbd\xd0\xbd\xd1\x8b\xd0\xb9 \xd0\xbc\xd0\xbe\xd0\xb4\xd1\x83\xd0\xbb\xd1\x8c)) in Unknown on line 0
[Sun Oct 22 01:29:02.991273 2023] [mpm_winnt:notice] [pid 7180:tid 404] AH00354: Child: Starting 150 worker threads.
[Sun Oct 22 01:31:31.704445 2023] [ssl:warn] [pid 12368:tid 408] AH01909: www.example.com:443:0 server certificate does NOT include an ID which matches the server name
[Sun Oct 22 01:31:31.777583 2023] [core:warn] [pid 12368:tid 408] AH00098: pid file D:/Programs/Xampp/apache/logs/httpd.pid overwritten -- Unclean shutdown of previous Apache run?
[Sun Oct 22 01:31:31.779585 2023] [ssl:warn] [pid 12368:tid 408] AH01909: www.example.com:443:0 server certificate does NOT include an ID which matches the server name
PHP Warning:  PHP Startup: Unable to load dynamic library 'imagick' (tried: D:\\Programs\\Xampp\\php\\ext\\imagick (\xd0\x9d\xd0\xb5 \xd0\xbd\xd0\xb0\xd0\xb9\xd0\xb4\xd0\xb5\xd0\xbd \xd1\x83\xd0\xba\xd0\xb0\xd0\xb7\xd0\xb0\xd0\xbd\xd0\xbd\xd1\x8b\xd0\xb9 \xd0\xbc\xd0\xbe\xd0\xb4\xd1\x83\xd0\xbb\xd1\x8c), D:\\Programs\\Xampp\\php\\ext\\php_imagick.dll (\xd0\x9d\xd0\xb5 \xd0\xbd\xd0\xb0\xd0\xb9\xd0\xb4\xd0\xb5\xd0\xbd \xd1\x83\xd0\xba\xd0\xb0\xd0\xb7\xd0\xb0\xd0\xbd\xd0\xbd\xd1\x8b\xd0\xb9 \xd0\xbc\xd0\xbe\xd0\xb4\xd1\x83\xd0\xbb\xd1\x8c)) in Unknown on line 0
[Sun Oct 22 01:31:31.826558 2023] [mpm_winnt:notice] [pid 12368:tid 408] AH00455: Apache/2.4.56 (Win64) OpenSSL/1.1.1t PHP/8.2.4 configured -- resuming normal operations
[Sun Oct 22 01:31:31.826558 2023] [mpm_winnt:notice] [pid 12368:tid 408] AH00456: Apache Lounge VS16 Server built: Mar  7 2023 13:21:03
[Sun Oct 22 01:31:31.826558 2023] [core:notice] [pid 12368:tid 408] AH00094: Command line: 'd:\\programs\\xampp\\apache\\bin\\httpd.exe -d D:/Programs/Xampp/apache'
[Sun Oct 22 01:31:31.830556 2023] [mpm_winnt:notice] [pid 12368:tid 408] AH00418: Parent: Created child process 9396
[Sun Oct 22 01:31:32.245521 2023] [ssl:warn] [pid 9396:tid 416] AH01909: www.example.com:443:0 server certificate does NOT include an ID which matches the server name
[Sun Oct 22 01:31:32.320478 2023] [ssl:warn] [pid 9396:tid 416] AH01909: www.example.com:443:0 server certificate does NOT include an ID which matches the server name
PHP Warning:  PHP Startup: Unable to load dynamic library 'imagick' (tried: D:\\Programs\\Xampp\\php\\ext\\imagick (\xd0\x9d\xd0\xb5 \xd0\xbd\xd0\xb0\xd0\xb9\xd0\xb4\xd0\xb5\xd0\xbd \xd1\x83\xd0\xba\xd0\xb0\xd0\xb7\xd0\xb0\xd0\xbd\xd0\xbd\xd1\x8b\xd0\xb9 \xd0\xbc\xd0\xbe\xd0\xb4\xd1\x83\xd0\xbb\xd1\x8c), D:\\Programs\\Xampp\\php\\ext\\php_imagick.dll (\xd0\x9d\xd0\xb5 \xd0\xbd\xd0\xb0\xd0\xb9\xd0\xb4\xd0\xb5\xd0\xbd \xd1\x83\xd0\xba\xd0\xb0\xd0\xb7\xd0\xb0\xd0\xbd\xd0\xbd\xd1\x8b\xd0\xb9 \xd0\xbc\xd0\xbe\xd0\xb4\xd1\x83\xd0\xbb\xd1\x8c)) in Unknown on line 0
[Sun Oct 22 01:31:32.401432 2023] [mpm_winnt:notice] [pid 9396:tid 416] AH00354: Child: Starting 150 worker threads.
[Sun Oct 22 01:32:23.488897 2023] [ssl:warn] [pid 17576:tid 400] AH01909: www.example.com:443:0 server certificate does NOT include an ID which matches the server name
[Sun Oct 22 01:32:23.538879 2023] [core:warn] [pid 17576:tid 400] AH00098: pid file D:/Programs/Xampp/apache/logs/httpd.pid overwritten -- Unclean shutdown of previous Apache run?
[Sun Oct 22 01:32:23.540881 2023] [ssl:warn] [pid 17576:tid 400] AH01909: www.example.com:443:0 server certificate does NOT include an ID which matches the server name
PHP Warning:  PHP Startup: Unable to load dynamic library 'imagick' (tried: D:\\Programs\\Xampp\\php\\ext\\imagick (\xd0\x9d\xd0\xb5 \xd0\xbd\xd0\xb0\xd0\xb9\xd0\xb4\xd0\xb5\xd0\xbd \xd1\x83\xd0\xba\xd0\xb0\xd0\xb7\xd0\xb0\xd0\xbd\xd0\xbd\xd1\x8b\xd0\xb9 \xd0\xbc\xd0\xbe\xd0\xb4\xd1\x83\xd0\xbb\xd1\x8c), D:\\Programs\\Xampp\\php\\ext\\php_imagick.dll (\xd0\x9d\xd0\xb5 \xd0\xbd\xd0\xb0\xd0\xb9\xd0\xb4\xd0\xb5\xd0\xbd \xd1\x83\xd0\xba\xd0\xb0\xd0\xb7\xd0\xb0\xd0\xbd\xd0\xbd\xd1\x8b\xd0\xb9 \xd0\xbc\xd0\xbe\xd0\xb4\xd1\x83\xd0\xbb\xd1\x8c)) in Unknown on line 0
[Sun Oct 22 01:32:23.585867 2023] [mpm_winnt:notice] [pid 17576:tid 400] AH00455: Apache/2.4.56 (Win64) OpenSSL/1.1.1t PHP/8.2.4 configured -- resuming normal operations
[Sun Oct 22 01:32:23.585867 2023] [mpm_winnt:notice] [pid 17576:tid 400] AH00456: Apache Lounge VS16 Server built: Mar  7 2023 13:21:03
[Sun Oct 22 01:32:23.585867 2023] [core:notice] [pid 17576:tid 400] AH00094: Command line: 'd:\\programs\\xampp\\apache\\bin\\httpd.exe -d D:/Programs/Xampp/apache'
[Sun Oct 22 01:32:23.590872 2023] [mpm_winnt:notice] [pid 17576:tid 400] AH00418: Parent: Created child process 6700
[Sun Oct 22 01:32:24.190613 2023] [ssl:warn] [pid 6700:tid 404] AH01909: www.example.com:443:0 server certificate does NOT include an ID which matches the server name
[Sun Oct 22 01:32:24.248578 2023] [ssl:warn] [pid 6700:tid 404] AH01909: www.example.com:443:0 server certificate does NOT include an ID which matches the server name
PHP Warning:  PHP Startup: Unable to load dynamic library 'imagick' (tried: D:\\Programs\\Xampp\\php\\ext\\imagick (\xd0\x9d\xd0\xb5 \xd0\xbd\xd0\xb0\xd0\xb9\xd0\xb4\xd0\xb5\xd0\xbd \xd1\x83\xd0\xba\xd0\xb0\xd0\xb7\xd0\xb0\xd0\xbd\xd0\xbd\xd1\x8b\xd0\xb9 \xd0\xbc\xd0\xbe\xd0\xb4\xd1\x83\xd0\xbb\xd1\x8c), D:\\Programs\\Xampp\\php\\ext\\php_imagick.dll (\xd0\x9d\xd0\xb5 \xd0\xbd\xd0\xb0\xd0\xb9\xd0\xb4\xd0\xb5\xd0\xbd \xd1\x83\xd0\xba\xd0\xb0\xd0\xb7\xd0\xb0\xd0\xbd\xd0\xbd\xd1\x8b\xd0\xb9 \xd0\xbc\xd0\xbe\xd0\xb4\xd1\x83\xd0\xbb\xd1\x8c)) in Unknown on line 0
[Sun Oct 22 01:32:24.317538 2023] [mpm_winnt:notice] [pid 6700:tid 404] AH00354: Child: Starting 150 worker threads.
[Sun Oct 22 17:41:06.234499 2023] [ssl:warn] [pid 7536:tid 428] AH01909: www.example.com:443:0 server certificate does NOT include an ID which matches the server name
[Sun Oct 22 17:41:06.312456 2023] [core:warn] [pid 7536:tid 428] AH00098: pid file D:/Programs/Xampp/apache/logs/httpd.pid overwritten -- Unclean shutdown of previous Apache run?
[Sun Oct 22 17:41:06.315454 2023] [ssl:warn] [pid 7536:tid 428] AH01909: www.example.com:443:0 server certificate does NOT include an ID which matches the server name
PHP Warning:  PHP Startup: Unable to load dynamic library 'imagick' (tried: D:\\Programs\\Xampp\\php\\ext\\imagick (\xd0\x9d\xd0\xb5 \xd0\xbd\xd0\xb0\xd0\xb9\xd0\xb4\xd0\xb5\xd0\xbd \xd1\x83\xd0\xba\xd0\xb0\xd0\xb7\xd0\xb0\xd0\xbd\xd0\xbd\xd1\x8b\xd0\xb9 \xd0\xbc\xd0\xbe\xd0\xb4\xd1\x83\xd0\xbb\xd1\x8c), D:\\Programs\\Xampp\\php\\ext\\php_imagick.dll (\xd0\x9d\xd0\xb5 \xd0\xbd\xd0\xb0\xd0\xb9\xd0\xb4\xd0\xb5\xd0\xbd \xd1\x83\xd0\xba\xd0\xb0\xd0\xb7\xd0\xb0\xd0\xbd\xd0\xbd\xd1\x8b\xd0\xb9 \xd0\xbc\xd0\xbe\xd0\xb4\xd1\x83\xd0\xbb\xd1\x8c)) in Unknown on line 0
[Sun Oct 22 17:41:06.539326 2023] [mpm_winnt:notice] [pid 7536:tid 428] AH00455: Apache/2.4.56 (Win64) OpenSSL/1.1.1t PHP/8.2.4 configured -- resuming normal operations
[Sun Oct 22 17:41:06.539326 2023] [mpm_winnt:notice] [pid 7536:tid 428] AH00456: Apache Lounge VS16 Server built: Mar  7 2023 13:21:03
[Sun Oct 22 17:41:06.539326 2023] [core:notice] [pid 7536:tid 428] AH00094: Command line: 'apache\\bin\\httpd.exe -d D:/Programs/Xampp/apache -f conf\\httpd.conf'
[Sun Oct 22 17:41:06.548321 2023] [mpm_winnt:notice] [pid 7536:tid 428] AH00418: Parent: Created child process 6760
Apache server shutdown initiated...
sl:warn] [pid 6760:tid 432] AH01909: www.example.com:443:0 server certificate does NOT include an ID which matches the server name
[Sun Oct 22 17:41:07.212942 2023] [ssl:warn] [pid 6760:tid 432] AH01909: www.example.com:443:0 server certificate does NOT include an ID which matches the server name
PHP Warning:  PHP Startup: Unable to load dynamic library 'imagick' (tried: D:\\Programs\\Xampp\\php\\ext\\imagick (\xd0\x9d\xd0\xb5 \xd0\xbd\xd0\xb0\xd0\xb9\xd0\xb4\xd0\xb5\xd0\xbd \xd1\x83\xd0\xba\xd0\xb0\xd0\xb7\xd0\xb0\xd0\xbd\xd0\xbd\xd1\x8b\xd0\xb9 \xd0\xbc\xd0\xbe\xd0\xb4\xd1\x83\xd0\xbb\xd1\x8c), D:\\Programs\\Xampp\\php\\ext\\php_imagick.dll (\xd0\x9d\xd0\xb5 \xd0\xbd\xd0\xb0\xd0\xb9\xd0\xb4\xd0\xb5\xd0\xbd \xd1\x83\xd0\xba\xd0\xb0\xd0\xb7\xd0\xb0\xd0\xbd\xd0\xbd\xd1\x8b\xd0\xb9 \xd0\xbc\xd0\xbe\xd0\xb4\xd1\x83\xd0\xbb\xd1\x8c)) in Unknown on line 0
[Sun Oct 22 17:41:07.269909 2023] [mpm_winnt:notice] [pid 6760:tid 432] AH00354: Child: Starting 150 worker threads.
[Sun Oct 22 17:41:07.846581 2023] [mpm_winnt:notice] [pid 7536:tid 428] AH00422: Parent: Received shutdown signal -- Shutting down the server.
[Sun Oct 22 17:41:09.860432 2023] [mpm_winnt:notice] [pid 6760:tid 432] AH00364: Child: All worker threads have exited.
[Sun Oct 22 17:41:09.885418 2023] [mpm_winnt:notice] [pid 7536:tid 428] AH00430: Parent: Child process 6760 exited successfully.
[Sun Oct 22 17:41:47.077854 2023] [ssl:warn] [pid 16412:tid 408] AH01909: www.example.com:443:0 server certificate does NOT include an ID which matches the server name
[Sun Oct 22 17:41:47.137820 2023] [ssl:warn] [pid 16412:tid 408] AH01909: www.example.com:443:0 server certificate does NOT include an ID which matches the server name
PHP Warning:  PHP Startup: Unable to load dynamic library 'imagick' (tried: D:\\Programs\\Xampp\\php\\ext\\imagick (\xd0\x9d\xd0\xb5 \xd0\xbd\xd0\xb0\xd0\xb9\xd0\xb4\xd0\xb5\xd0\xbd \xd1\x83\xd0\xba\xd0\xb0\xd0\xb7\xd0\xb0\xd0\xbd\xd0\xbd\xd1\x8b\xd0\xb9 \xd0\xbc\xd0\xbe\xd0\xb4\xd1\x83\xd0\xbb\xd1\x8c), D:\\Programs\\Xampp\\php\\ext\\php_imagick.dll (\xd0\x9d\xd0\xb5 \xd0\xbd\xd0\xb0\xd0\xb9\xd0\xb4\xd0\xb5\xd0\xbd \xd1\x83\xd0\xba\xd0\xb0\xd0\xb7\xd0\xb0\xd0\xbd\xd0\xbd\xd1\x8b\xd0\xb9 \xd0\xbc\xd0\xbe\xd0\xb4\xd1\x83\xd0\xbb\xd1\x8c)) in Unknown on line 0
[Sun Oct 22 17:41:47.182795 2023] [mpm_winnt:notice] [pid 16412:tid 408] AH00455: Apache/2.4.56 (Win64) OpenSSL/1.1.1t PHP/8.2.4 configured -- resuming normal operations
[Sun Oct 22 17:41:47.182795 2023] [mpm_winnt:notice] [pid 16412:tid 408] AH00456: Apache Lounge VS16 Server built: Mar  7 2023 13:21:03
[Sun Oct 22 17:41:47.182795 2023] [core:notice] [pid 16412:tid 408] AH00094: Command line: 'd:\\programs\\xampp\\apache\\bin\\httpd.exe -d D:/Programs/Xampp/apache'
[Sun Oct 22 17:41:47.186792 2023] [mpm_winnt:notice] [pid 16412:tid 408] AH00418: Parent: Created child process 16476
[Sun Oct 22 17:41:47.617547 2023] [ssl:warn] [pid 16476:tid 404] AH01909: www.example.com:443:0 server certificate does NOT include an ID which matches the server name
[Sun Oct 22 17:41:47.670516 2023] [ssl:warn] [pid 16476:tid 404] AH01909: www.example.com:443:0 server certificate does NOT include an ID which matches the server name
PHP Warning:  PHP Startup: Unable to load dynamic library 'imagick' (tried: D:\\Programs\\Xampp\\php\\ext\\imagick (\xd0\x9d\xd0\xb5 \xd0\xbd\xd0\xb0\xd0\xb9\xd0\xb4\xd0\xb5\xd0\xbd \xd1\x83\xd0\xba\xd0\xb0\xd0\xb7\xd0\xb0\xd0\xbd\xd0\xbd\xd1\x8b\xd0\xb9 \xd0\xbc\xd0\xbe\xd0\xb4\xd1\x83\xd0\xbb\xd1\x8c), D:\\Programs\\Xampp\\php\\ext\\php_imagick.dll (\xd0\x9d\xd0\xb5 \xd0\xbd\xd0\xb0\xd0\xb9\xd0\xb4\xd0\xb5\xd0\xbd \xd1\x83\xd0\xba\xd0\xb0\xd0\xb7\xd0\xb0\xd0\xbd\xd0\xbd\xd1\x8b\xd0\xb9 \xd0\xbc\xd0\xbe\xd0\xb4\xd1\x83\xd0\xbb\xd1\x8c)) in Unknown on line 0
[Sun Oct 22 17:41:47.730483 2023] [mpm_winnt:notice] [pid 16476:tid 404] AH00354: Child: Starting 150 worker threads.
[Sun Oct 22 17:43:31.520844 2023] [core:error] [pid 16476:tid 1896] (20024)The given path is misformatted or contained invalid characters: [client ::1:58951] AH00127: Cannot map GET /mediawiki/index.php/%D0%A3%D1%87%D0%B0%D1%81%D1%82%D0%BD%D0%B8%D0%BA:DeRecnad/react_prototypes.json HTTP/1.1 to file
[Sun Oct 22 17:44:04.723494 2023] [core:error] [pid 16476:tid 1896] (20024)The given path is misformatted or contained invalid characters: [client ::1:58994] AH00127: Cannot map GET /mediawiki/index.php/%D0%A3%D1%87%D0%B0%D1%81%D1%82%D0%BD%D0%B8%D0%BA:DeRecnad/react_prototypes.json HTTP/1.1 to file, referer: http://localhost/mediawiki/index.php?title=%D0%A1%D0%BB%D1%83%D0%B6%D0%B5%D0%B1%D0%BD%D0%B0%D1%8F:%D0%92%D1%85%D0%BE%D0%B4&returnto=%D0%A3%D1%87%D0%B0%D1%81%D1%82%D0%BD%D0%B8%D0%BA%3ADeRecnad%2Freact+prototypes.json
[Sun Oct 22 17:44:27.972792 2023] [core:error] [pid 16476:tid 1872] (20024)The given path is misformatted or contained invalid characters: [client ::1:59078] AH00127: Cannot map GET /mediawiki/index.php/%D0%A3%D1%87%D0%B0%D1%81%D1%82%D0%BD%D0%B8%D0%BA:DeRecnad/react_prototypes.json HTTP/1.1 to file, referer: http://localhost/mediawiki/index.php?title=%D0%A3%D1%87%D0%B0%D1%81%D1%82%D0%BD%D0%B8%D0%BA:DeRecnad/react_prototypes.json&action=edit
[Sun Oct 22 17:44:41.492442 2023] [core:error] [pid 16476:tid 1896] (20024)The given path is misformatted or contained invalid characters: [client ::1:59106] AH00127: Cannot map GET /mediawiki/index.php/%D0%A3%D1%87%D0%B0%D1%81%D1%82%D0%BD%D0%B8%D0%BA:DeRecnad/chem_prototypes.json HTTP/1.1 to file
[Sun Oct 22 17:44:59.676663 2023] [core:error] [pid 16476:tid 1896] (20024)The given path is misformatted or contained invalid characters: [client ::1:59116] AH00127: Cannot map GET /mediawiki/index.php/%D0%A3%D1%87%D0%B0%D1%81%D1%82%D0%BD%D0%B8%D0%BA:DeRecnad/chem_prototypes.json HTTP/1.1 to file, referer: http://localhost/mediawiki/index.php?title=%D0%A3%D1%87%D0%B0%D1%81%D1%82%D0%BD%D0%B8%D0%BA:DeRecnad/chem_prototypes.json&action=edit
[Sun Oct 22 17:46:05.707939 2023] [php:error] [pid 16476:tid 1896] [client ::1:59286] PHP Parse error:  syntax error, unexpected identifier "wfLoadExtension" in D:\\Programs\\Xampp\\htdocs\\mediawiki\\LocalSettings.php on line 137, referer: http://localhost/mediawiki/index.php/%D0%A3%D1%87%D0%B0%D1%81%D1%82%D0%BD%D0%B8%D0%BA:DeRecnad/chem_prototypes.json
[Sun Oct 22 17:46:07.571887 2023] [php:error] [pid 16476:tid 1896] [client ::1:59286] PHP Parse error:  syntax error, unexpected identifier "wfLoadExtension" in D:\\Programs\\Xampp\\htdocs\\mediawiki\\LocalSettings.php on line 137, referer: http://localhost/mediawiki/index.php/%D0%A3%D1%87%D0%B0%D1%81%D1%82%D0%BD%D0%B8%D0%BA:DeRecnad/chem_prototypes.json
[Sun Oct 22 17:46:34.154408 2023] [core:error] [pid 16476:tid 1896] (20024)The given path is misformatted or contained invalid characters: [client ::1:59316] AH00127: Cannot map GET /mediawiki/index.php/%D0%A1%D0%BB%D1%83%D0%B6%D0%B5%D0%B1%D0%BD%D0%B0%D1%8F:%D0%A1%D0%BF%D0%B5%D1%86%D1%81%D1%82%D1%80%D0%B0%D0%BD%D0%B8%D1%86%D1%8B HTTP/1.1 to file, referer: http://localhost/mediawiki/index.php/%D0%97%D0%B0%D0%B3%D0%BB%D0%B0%D0%B2%D0%BD%D0%B0%D1%8F_%D1%81%D1%82%D1%80%D0%B0%D0%BD%D0%B8%D1%86%D0%B0
[Sun Oct 22 17:48:17.728218 2023] [core:error] [pid 16476:tid 1896] (20024)The given path is misformatted or contained invalid characters: [client ::1:59482] AH00127: Cannot map GET /mediawiki/index.php/Special:Version HTTP/1.1 to file
[Sun Oct 22 17:48:18.046036 2023] [core:error] [pid 16476:tid 1896] (20024)The given path is misformatted or contained invalid characters: [client ::1:59482] AH00127: Cannot map GET /mediawiki/index.php/%D0%A1%D0%BB%D1%83%D0%B6%D0%B5%D0%B1%D0%BD%D0%B0%D1%8F:%D0%92%D0%B5%D1%80%D1%81%D0%B8%D1%8F HTTP/1.1 to file
[Sun Oct 22 17:49:22.223138 2023] [core:error] [pid 16476:tid 1872] (20024)The given path is misformatted or contained invalid characters: [client ::1:59594] AH00127: Cannot map GET /mediawiki/index.php/%D0%A8%D0%B0%D0%B1%D0%BB%D0%BE%D0%BD:Chemical_button HTTP/1.1 to file, referer: http://localhost/mediawiki/index.php?title=%D0%A8%D0%B0%D0%B1%D0%BB%D0%BE%D0%BD:Chemical_button&action=edit&redlink=1
[Sun Oct 22 17:50:54.093741 2023] [core:error] [pid 16476:tid 1872] (20024)The given path is misformatted or contained invalid characters: [client ::1:59761] AH00127: Cannot map GET /mediawiki/index.php/%D0%9C%D0%BE%D0%B4%D1%83%D0%BB%D1%8C:Chemistry%20Lookup/data HTTP/1.1 to file
[Sun Oct 22 17:50:54.511502 2023] [core:error] [pid 16476:tid 1892] (20024)The given path is misformatted or contained invalid characters: [client ::1:59760] AH00127: Cannot map GET /mediawiki/index.php/%D0%9C%D0%BE%D0%B4%D1%83%D0%BB%D1%8C:Chemistry_Lookup/data HTTP/1.1 to file
[Sun Oct 22 17:54:46.949384 2023] [core:error] [pid 16476:tid 1872] (20024)The given path is misformatted or contained invalid characters: [client ::1:59991] AH00127: Cannot map GET /mediawiki/index.php/%D0%A3%D1%87%D0%B0%D1%81%D1%82%D0%BD%D0%B8%D0%BA:DeRecnad/react_prototypes.json HTTP/1.1 to file
[Sun Oct 22 17:58:24.989451 2023] [core:error] [pid 16476:tid 1872] (20024)The given path is misformatted or contained invalid characters: [client ::1:60277] AH00127: Cannot map GET /mediawiki/index.php/%D0%9C%D0%BE%D0%B4%D1%83%D0%BB%D1%8C:Chemistry%20Lookup/data HTTP/1.1 to file
[Sun Oct 22 17:58:25.340250 2023] [core:error] [pid 16476:tid 1872] (20024)The given path is misformatted or contained invalid characters: [client ::1:60277] AH00127: Cannot map GET /mediawiki/index.php/%D0%9C%D0%BE%D0%B4%D1%83%D0%BB%D1%8C:Chemistry_Lookup/data HTTP/1.1 to file
