2023-10-22  1:18:43 0 [Note] Starting MariaDB 10.4.28-MariaDB source revision c8f2e9a5c0ac5905f28b050b7df5a9ffd914b7e7 as process 16456
2023-10-22  1:18:43 0 [Note] InnoDB: Mutexes and rw_locks use Windows interlocked functions
2023-10-22  1:18:43 0 [Note] InnoDB: Uses event mutexes
2023-10-22  1:18:43 0 [Note] InnoDB: Compressed tables use zlib 1.2.12
2023-10-22  1:18:43 0 [Note] InnoDB: Number of pools: 1
2023-10-22  1:18:43 0 [Note] InnoDB: Using SSE2 crc32 instructions
2023-10-22  1:18:43 0 [Note] InnoDB: Initializing buffer pool, total size = 16M, instances = 1, chunk size = 16M
2023-10-22  1:18:43 0 [Note] InnoDB: Completed initialization of buffer pool
2023-10-22  1:18:43 0 [Note] InnoDB: Starting crash recovery from checkpoint LSN=300288
2023-10-22  1:18:43 0 [Note] InnoDB: 128 out of 128 rollback segments are active.
2023-10-22  1:18:43 0 [Note] InnoDB: Removed temporary tablespace data file: "ibtmp1"
2023-10-22  1:18:43 0 [Note] InnoDB: Creating shared tablespace for temporary tables
2023-10-22  1:18:43 0 [Note] InnoDB: Setting file 'D:\Programs\Xampp\mysql\data\ibtmp1' size to 12 MB. Physically writing the file full; Please wait ...
2023-10-22  1:18:43 0 [Note] InnoDB: File 'D:\Programs\Xampp\mysql\data\ibtmp1' size is now 12 MB.
2023-10-22  1:18:43 0 [Note] InnoDB: Waiting for purge to start
2023-10-22  1:18:43 0 [Note] InnoDB: 10.4.28 started; log sequence number 300297; transaction id 170
2023-10-22  1:18:43 0 [Note] InnoDB: Loading buffer pool(s) from D:\Programs\Xampp\mysql\data\ib_buffer_pool
2023-10-22  1:18:43 0 [Note] Plugin 'FEEDBACK' is disabled.
2023-10-22  1:18:43 0 [Note] Server socket created on IP: '::'.
2023-10-22  1:21:17 0 [Note] Starting MariaDB 10.4.28-MariaDB source revision c8f2e9a5c0ac5905f28b050b7df5a9ffd914b7e7 as process 18512
2023-10-22  1:21:17 0 [Note] InnoDB: Mutexes and rw_locks use Windows interlocked functions
2023-10-22  1:21:17 0 [Note] InnoDB: Uses event mutexes
2023-10-22  1:21:17 0 [Note] InnoDB: Compressed tables use zlib 1.2.12
2023-10-22  1:21:17 0 [Note] InnoDB: Number of pools: 1
2023-10-22  1:21:17 0 [Note] InnoDB: Using SSE2 crc32 instructions
2023-10-22  1:21:17 0 [Note] InnoDB: Initializing buffer pool, total size = 16M, instances = 1, chunk size = 16M
2023-10-22  1:21:17 0 [Note] InnoDB: Completed initialization of buffer pool
2023-10-22  1:21:17 0 [Note] InnoDB: Starting crash recovery from checkpoint LSN=301029
2023-10-22  1:21:17 0 [Note] InnoDB: 128 out of 128 rollback segments are active.
2023-10-22  1:21:17 0 [Note] InnoDB: Removed temporary tablespace data file: "ibtmp1"
2023-10-22  1:21:17 0 [Note] InnoDB: Creating shared tablespace for temporary tables
2023-10-22  1:21:17 0 [Note] InnoDB: Setting file 'D:\Programs\Xampp\mysql\data\ibtmp1' size to 12 MB. Physically writing the file full; Please wait ...
2023-10-22  1:21:17 0 [Note] InnoDB: File 'D:\Programs\Xampp\mysql\data\ibtmp1' size is now 12 MB.
2023-10-22  1:21:17 0 [Note] InnoDB: Waiting for purge to start
2023-10-22  1:21:17 0 [Note] InnoDB: 10.4.28 started; log sequence number 301038; transaction id 195
2023-10-22  1:21:17 0 [Note] InnoDB: Loading buffer pool(s) from D:\Programs\Xampp\mysql\data\ib_buffer_pool
2023-10-22  1:21:17 0 [Note] Plugin 'FEEDBACK' is disabled.
2023-10-22  1:21:17 0 [Note] Server socket created on IP: '::'.
2023-10-22  1:29:03 0 [Note] Starting MariaDB 10.4.28-MariaDB source revision c8f2e9a5c0ac5905f28b050b7df5a9ffd914b7e7 as process 10676
2023-10-22  1:29:03 0 [Note] InnoDB: Mutexes and rw_locks use Windows interlocked functions
2023-10-22  1:29:03 0 [Note] InnoDB: Uses event mutexes
2023-10-22  1:29:03 0 [Note] InnoDB: Compressed tables use zlib 1.2.12
2023-10-22  1:29:03 0 [Note] InnoDB: Number of pools: 1
2023-10-22  1:29:03 0 [Note] InnoDB: Using SSE2 crc32 instructions
2023-10-22  1:29:03 0 [Note] InnoDB: Initializing buffer pool, total size = 16M, instances = 1, chunk size = 16M
2023-10-22  1:29:03 0 [Note] InnoDB: Completed initialization of buffer pool
2023-10-22  1:29:03 0 [Note] InnoDB: Starting crash recovery from checkpoint LSN=301047
2023-10-22  1:29:03 0 [Note] InnoDB: 128 out of 128 rollback segments are active.
2023-10-22  1:29:03 0 [Note] InnoDB: Removed temporary tablespace data file: "ibtmp1"
2023-10-22  1:29:03 0 [Note] InnoDB: Creating shared tablespace for temporary tables
2023-10-22  1:29:03 0 [Note] InnoDB: Setting file 'D:\Programs\Xampp\mysql\data\ibtmp1' size to 12 MB. Physically writing the file full; Please wait ...
2023-10-22  1:29:03 0 [Note] InnoDB: File 'D:\Programs\Xampp\mysql\data\ibtmp1' size is now 12 MB.
2023-10-22  1:29:03 0 [Note] InnoDB: Waiting for purge to start
2023-10-22  1:29:03 0 [Note] InnoDB: 10.4.28 started; log sequence number 301072; transaction id 195
2023-10-22  1:29:03 0 [Note] InnoDB: Loading buffer pool(s) from D:\Programs\Xampp\mysql\data\ib_buffer_pool
2023-10-22  1:29:03 0 [Note] Plugin 'FEEDBACK' is disabled.
2023-10-22  1:29:03 0 [Note] Server socket created on IP: '::'.
2023-10-22 17:41:06 0 [Note] Starting MariaDB 10.4.28-MariaDB source revision c8f2e9a5c0ac5905f28b050b7df5a9ffd914b7e7 as process 5960
2023-10-22 17:41:06 0 [Note] InnoDB: Mutexes and rw_locks use Windows interlocked functions
2023-10-22 17:41:06 0 [Note] InnoDB: Uses event mutexes
2023-10-22 17:41:06 0 [Note] InnoDB: Compressed tables use zlib 1.2.12
2023-10-22 17:41:06 0 [Note] InnoDB: Number of pools: 1
2023-10-22 17:41:06 0 [Note] InnoDB: Using SSE2 crc32 instructions
2023-10-22 17:41:06 0 [Note] InnoDB: Initializing buffer pool, total size = 16M, instances = 1, chunk size = 16M
2023-10-22 17:41:06 0 [Note] InnoDB: Completed initialization of buffer pool
2023-10-22 17:41:06 0 [Note] InnoDB: Starting crash recovery from checkpoint LSN=10169085
2023-10-22 17:41:06 0 [Note] InnoDB: 128 out of 128 rollback segments are active.
2023-10-22 17:41:06 0 [Note] InnoDB: Removed temporary tablespace data file: "ibtmp1"
2023-10-22 17:41:06 0 [Note] InnoDB: Creating shared tablespace for temporary tables
2023-10-22 17:41:06 0 [Note] InnoDB: Setting file 'D:\Programs\Xampp\mysql\data\ibtmp1' size to 12 MB. Physically writing the file full; Please wait ...
2023-10-22 17:41:06 0 [Note] InnoDB: File 'D:\Programs\Xampp\mysql\data\ibtmp1' size is now 12 MB.
2023-10-22 17:41:06 0 [Note] InnoDB: Waiting for purge to start
2023-10-22 17:41:06 0 [Note] InnoDB: 10.4.28 started; log sequence number 10169094; transaction id 849
2023-10-22 17:41:06 0 [Note] InnoDB: Loading buffer pool(s) from D:\Programs\Xampp\mysql\data\ib_buffer_pool
2023-10-22 17:41:06 0 [Note] Plugin 'FEEDBACK' is disabled.
2023-10-22 17:41:06 0 [Note] Server socket created on IP: '::'.
2023-10-22 17:41:06 0 [Note] InnoDB: Buffer pool(s) load completed at 231022 17:41:06
2023-10-22 17:41:06 0 [Note] Reading of all Master_info entries succeeded
2023-10-22 17:41:06 0 [Note] Added new Master_info '' to hash table
2023-10-22 17:41:06 0 [Note] mysql\bin\mysqld.exe: ready for connections.
Version: '10.4.28-MariaDB'  socket: ''  port: 3306  mariadb.org binary distribution
2023-10-23  1:07:10 1146 [Warning] Aborted connection 1146 to db: 'andromedawikibd' user: 'root' host: 'localhost' (Got an error reading communication packets)
2023-10-23  1:07:10 1147 [Warning] Aborted connection 1147 to db: 'andromedawikibd' user: 'root' host: 'localhost' (Got an error reading communication packets)
2023-10-23  1:07:10 1156 [Warning] Aborted connection 1156 to db: 'andromedawikibd' user: 'root' host: 'localhost' (Got an error reading communication packets)
2023-10-23  1:07:10 1157 [Warning] Aborted connection 1157 to db: 'andromedawikibd' user: 'root' host: 'localhost' (Got an error reading communication packets)
